[2025-04-13 14:35:58] local.ERROR: Job failed {"timestamp":"2025-04-13 14:35:58","class":"AppJobsSampleJob","method":"process","params":null,"error":"Target class [AppJobsSampleJob] does not exist.","attempt":false,"trace":"#0 /home/shingi/projects/codingchallenge/vendor/laravel/framework/src/Illuminate/Container/Container.php(890): Illuminate\\Container\\Container->build()
#1 /home/shingi/projects/codingchallenge/vendor/laravel/framework/src/Illuminate/Foundation/Application.php(1077): Illuminate\\Container\\Container->resolve()
#2 /home/shingi/projects/codingchallenge/vendor/laravel/framework/src/Illuminate/Container/Container.php(821): Illuminate\\Foundation\\Application->resolve()
#3 /home/shingi/projects/codingchallenge/vendor/laravel/framework/src/Illuminate/Foundation/Application.php(1057): Illuminate\\Container\\Container->make()
#4 /home/shingi/projects/codingchallenge/vendor/laravel/framework/src/Illuminate/Foundation/helpers.php(124): Illuminate\\Foundation\\Application->make()
#5 /home/shingi/projects/codingchallenge/app/Console/Commands/ExecuteBackgroundJob.php(20): app()
#6 /home/shingi/projects/codingchallenge/vendor/laravel/framework/src/Illuminate/Container/BoundMethod.php(36): App\\Console\\Commands\\ExecuteBackgroundJob->handle()
#7 /home/shingi/projects/codingchallenge/vendor/laravel/framework/src/Illuminate/Container/Util.php(43): Illuminate\\Container\\BoundMethod::Illuminate\\Container\\{closure}()
#8 /home/shingi/projects/codingchallenge/vendor/laravel/framework/src/Illuminate/Container/BoundMethod.php(96): Illuminate\\Container\\Util::unwrapIfClosure()
#9 /home/shingi/projects/codingchallenge/vendor/laravel/framework/src/Illuminate/Container/BoundMethod.php(35): Illuminate\\Container\\BoundMethod::callBoundMethod()
#10 /home/shingi/projects/codingchallenge/vendor/laravel/framework/src/Illuminate/Container/Container.php(754): Illuminate\\Container\\BoundMethod::call()
#11 /home/shingi/projects/codingchallenge/vendor/laravel/framework/src/Illuminate/Console/Command.php(211): Illuminate\\Container\\Container->call()
#12 /home/shingi/projects/codingchallenge/vendor/symfony/console/Command/Command.php(279): Illuminate\\Console\\Command->execute()
#13 /home/shingi/projects/codingchallenge/vendor/laravel/framework/src/Illuminate/Console/Command.php(180): Symfony\\Component\\Console\\Command\\Command->run()
#14 /home/shingi/projects/codingchallenge/vendor/symfony/console/Application.php(1094): Illuminate\\Console\\Command->run()
#15 /home/shingi/projects/codingchallenge/vendor/symfony/console/Application.php(342): Symfony\\Component\\Console\\Application->doRunCommand()
#16 /home/shingi/projects/codingchallenge/vendor/symfony/console/Application.php(193): Symfony\\Component\\Console\\Application->doRun()
#17 /home/shingi/projects/codingchallenge/vendor/laravel/framework/src/Illuminate/Foundation/Console/Kernel.php(197): Symfony\\Component\\Console\\Application->run()
#18 /home/shingi/projects/codingchallenge/vendor/laravel/framework/src/Illuminate/Foundation/Application.php(1234): Illuminate\\Foundation\\Console\\Kernel->handle()
#19 /home/shingi/projects/codingchallenge/artisan(16): Illuminate\\Foundation\\Application->handleCommand()
#20 {main}"} 
